{"C:\\Users\\shasemwal\\Projects\\ttt-backend\\app.js": {"path":"C:\\Users\\shasemwal\\Projects\\ttt-backend\\app.js","statementMap":{"0":{"start":{"line":2,"column":0},"end":{"line":2,"column":27}},"1":{"start":{"line":3,"column":22},"end":{"line":3,"column":40}},"2":{"start":{"line":4,"column":22},"end":{"line":4,"column":39}},"3":{"start":{"line":5,"column":22},"end":{"line":5,"column":37}},"4":{"start":{"line":6,"column":22},"end":{"line":6,"column":51}},"5":{"start":{"line":7,"column":22},"end":{"line":7,"column":46}},"6":{"start":{"line":9,"column":22},"end":{"line":9,"column":52}},"7":{"start":{"line":10,"column":22},"end":{"line":10,"column":52}},"8":{"start":{"line":12,"column":12},"end":{"line":12,"column":21}},"9":{"start":{"line":14,"column":0},"end":{"line":14,"column":18}},"10":{"start":{"line":15,"column":0},"end":{"line":15,"column":31}},"11":{"start":{"line":16,"column":0},"end":{"line":16,"column":24}},"12":{"start":{"line":17,"column":0},"end":{"line":17,"column":24}},"13":{"start":{"line":18,"column":0},"end":{"line":18,"column":59}},"14":{"start":{"line":20,"column":0},"end":{"line":20,"column":34}},"15":{"start":{"line":21,"column":0},"end":{"line":21,"column":34}},"16":{"start":{"line":24,"column":0},"end":{"line":24,"column":21}}},"fnMap":{},"branchMap":{},"s":{"0":2,"1":2,"2":2,"3":2,"4":2,"5":2,"6":2,"7":2,"8":2,"9":2,"10":2,"11":2,"12":2,"13":2,"14":2,"15":2,"16":2},"f":{},"b":{},"_coverageSchema":"1a1c01bbd47fc00a2c39e90264f33305004495a9","hash":"4350a3b1ccee3cabf79a446c587df48b6c3fd2db"}
,"C:\\Users\\shasemwal\\Projects\\ttt-backend\\config\\db.js": {"path":"C:\\Users\\shasemwal\\Projects\\ttt-backend\\config\\db.js","statementMap":{"0":{"start":{"line":2,"column":17},"end":{"line":2,"column":30}},"1":{"start":{"line":3,"column":0},"end":{"line":3,"column":27}},"2":{"start":{"line":6,"column":13},"end":{"line":15,"column":2}},"3":{"start":{"line":17,"column":0},"end":{"line":17,"column":22}}},"fnMap":{},"branchMap":{},"s":{"0":2,"1":2,"2":2,"3":2},"f":{},"b":{},"_coverageSchema":"1a1c01bbd47fc00a2c39e90264f33305004495a9","hash":"1e780ae5428564799a5dab8fb327d6e77e1eb5b8"}
,"C:\\Users\\shasemwal\\Projects\\ttt-backend\\config\\redis.js": {"path":"C:\\Users\\shasemwal\\Projects\\ttt-backend\\config\\redis.js","statementMap":{"0":{"start":{"line":1,"column":14},"end":{"line":1,"column":32}},"1":{"start":{"line":4,"column":0},"end":{"line":21,"column":1}},"2":{"start":{"line":6,"column":15},"end":{"line":6,"column":24}},"3":{"start":{"line":7,"column":2},"end":{"line":13,"column":4}},"4":{"start":{"line":8,"column":37},"end":{"line":8,"column":72}},"5":{"start":{"line":9,"column":21},"end":{"line":9,"column":51}},"6":{"start":{"line":10,"column":21},"end":{"line":10,"column":59}},"7":{"start":{"line":11,"column":21},"end":{"line":11,"column":54}},"8":{"start":{"line":12,"column":26},"end":{"line":12,"column":43}},"9":{"start":{"line":16,"column":2},"end":{"line":20,"column":5}},"10":{"start":{"line":23,"column":0},"end":{"line":23,"column":23}}},"fnMap":{"0":{"name":"(anonymous_0)","decl":{"start":{"line":8,"column":12},"end":{"line":8,"column":13}},"loc":{"start":{"line":8,"column":37},"end":{"line":8,"column":72}},"line":8},"1":{"name":"(anonymous_1)","decl":{"start":{"line":9,"column":12},"end":{"line":9,"column":13}},"loc":{"start":{"line":9,"column":21},"end":{"line":9,"column":51}},"line":9},"2":{"name":"(anonymous_2)","decl":{"start":{"line":10,"column":12},"end":{"line":10,"column":13}},"loc":{"start":{"line":10,"column":21},"end":{"line":10,"column":59}},"line":10},"3":{"name":"(anonymous_3)","decl":{"start":{"line":11,"column":12},"end":{"line":11,"column":13}},"loc":{"start":{"line":11,"column":21},"end":{"line":11,"column":54}},"line":11},"4":{"name":"(anonymous_4)","decl":{"start":{"line":12,"column":12},"end":{"line":12,"column":13}},"loc":{"start":{"line":12,"column":26},"end":{"line":12,"column":43}},"line":12}},"branchMap":{"0":{"loc":{"start":{"line":4,"column":0},"end":{"line":21,"column":1}},"type":"if","locations":[{"start":{"line":4,"column":0},"end":{"line":21,"column":1}},{"start":{"line":14,"column":7},"end":{"line":21,"column":1}}],"line":4},"1":{"loc":{"start":{"line":10,"column":37},"end":{"line":10,"column":58}},"type":"cond-expr","locations":[{"start":{"line":10,"column":53},"end":{"line":10,"column":54}},{"start":{"line":10,"column":57},"end":{"line":10,"column":58}}],"line":10},"2":{"loc":{"start":{"line":17,"column":10},"end":{"line":17,"column":47}},"type":"binary-expr","locations":[{"start":{"line":17,"column":10},"end":{"line":17,"column":32}},{"start":{"line":17,"column":36},"end":{"line":17,"column":47}}],"line":17},"3":{"loc":{"start":{"line":18,"column":10},"end":{"line":18,"column":40}},"type":"binary-expr","locations":[{"start":{"line":18,"column":10},"end":{"line":18,"column":32}},{"start":{"line":18,"column":36},"end":{"line":18,"column":40}}],"line":18},"4":{"loc":{"start":{"line":19,"column":14},"end":{"line":19,"column":53}},"type":"binary-expr","locations":[{"start":{"line":19,"column":14},"end":{"line":19,"column":40}},{"start":{"line":19,"column":44},"end":{"line":19,"column":53}}],"line":19}},"s":{"0":2,"1":2,"2":2,"3":2,"4":4,"5":1,"6":11,"7":1,"8":1,"9":0,"10":2},"f":{"0":4,"1":1,"2":11,"3":1,"4":1},"b":{"0":[2,0],"1":[1,10],"2":[0,0],"3":[0,0],"4":[0,0]},"_coverageSchema":"1a1c01bbd47fc00a2c39e90264f33305004495a9","hash":"4992904573511403e0de0af54156158601c9b868"}
,"C:\\Users\\shasemwal\\Projects\\ttt-backend\\controllers\\authController.js": {"path":"C:\\Users\\shasemwal\\Projects\\ttt-backend\\controllers\\authController.js","statementMap":{"0":{"start":{"line":2,"column":19},"end":{"line":2,"column":42}},"1":{"start":{"line":3,"column":21},"end":{"line":3,"column":36}},"2":{"start":{"line":4,"column":19},"end":{"line":4,"column":49}},"3":{"start":{"line":5,"column":19},"end":{"line":5,"column":56}},"4":{"start":{"line":6,"column":19},"end":{"line":6,"column":45}},"5":{"start":{"line":7,"column":0},"end":{"line":7,"column":27}},"6":{"start":{"line":9,"column":23},"end":{"line":9,"column":45}},"7":{"start":{"line":10,"column":23},"end":{"line":10,"column":49}},"8":{"start":{"line":11,"column":0},"end":{"line":13,"column":1}},"9":{"start":{"line":12,"column":2},"end":{"line":12,"column":73}},"10":{"start":{"line":16,"column":0},"end":{"line":51,"column":2}},"11":{"start":{"line":17,"column":2},"end":{"line":50,"column":3}},"12":{"start":{"line":18,"column":35},"end":{"line":18,"column":43}},"13":{"start":{"line":19,"column":17},"end":{"line":19,"column":56}},"14":{"start":{"line":20,"column":4},"end":{"line":20,"column":79}},"15":{"start":{"line":20,"column":15},"end":{"line":20,"column":79}},"16":{"start":{"line":22,"column":18},"end":{"line":22,"column":74}},"17":{"start":{"line":23,"column":4},"end":{"line":23,"column":80}},"18":{"start":{"line":23,"column":16},"end":{"line":23,"column":80}},"19":{"start":{"line":25,"column":16},"end":{"line":25,"column":22}},"20":{"start":{"line":26,"column":24},"end":{"line":30,"column":5}},"21":{"start":{"line":31,"column":25},"end":{"line":35,"column":5}},"22":{"start":{"line":37,"column":4},"end":{"line":37,"column":82}},"23":{"start":{"line":39,"column":4},"end":{"line":39,"column":60}},"24":{"start":{"line":40,"column":4},"end":{"line":47,"column":50}},"25":{"start":{"line":49,"column":4},"end":{"line":49,"column":14}},"26":{"start":{"line":54,"column":0},"end":{"line":81,"column":2}},"27":{"start":{"line":55,"column":2},"end":{"line":80,"column":3}},"28":{"start":{"line":56,"column":18},"end":{"line":56,"column":42}},"29":{"start":{"line":57,"column":4},"end":{"line":57,"column":45}},"30":{"start":{"line":57,"column":16},"end":{"line":57,"column":45}},"31":{"start":{"line":60,"column":4},"end":{"line":64,"column":5}},"32":{"start":{"line":61,"column":6},"end":{"line":61,"column":50}},"33":{"start":{"line":63,"column":6},"end":{"line":63,"column":35}},"34":{"start":{"line":66,"column":20},"end":{"line":66,"column":63}},"35":{"start":{"line":67,"column":4},"end":{"line":67,"column":47}},"36":{"start":{"line":67,"column":18},"end":{"line":67,"column":47}},"37":{"start":{"line":69,"column":16},"end":{"line":69,"column":22}},"38":{"start":{"line":70,"column":24},"end":{"line":74,"column":5}},"39":{"start":{"line":76,"column":4},"end":{"line":76,"column":74}},"40":{"start":{"line":77,"column":4},"end":{"line":77,"column":51}},"41":{"start":{"line":79,"column":4},"end":{"line":79,"column":14}},"42":{"start":{"line":84,"column":0},"end":{"line":125,"column":2}},"43":{"start":{"line":85,"column":2},"end":{"line":124,"column":3}},"44":{"start":{"line":87,"column":25},"end":{"line":87,"column":49}},"45":{"start":{"line":88,"column":4},"end":{"line":94,"column":5}},"46":{"start":{"line":89,"column":6},"end":{"line":89,"column":96}},"47":{"start":{"line":90,"column":6},"end":{"line":90,"column":50}},"48":{"start":{"line":91,"column":6},"end":{"line":91,"column":38}},"49":{"start":{"line":93,"column":6},"end":{"line":93,"column":61}},"50":{"start":{"line":97,"column":17},"end":{"line":97,"column":50}},"51":{"start":{"line":98,"column":4},"end":{"line":119,"column":5}},"52":{"start":{"line":99,"column":20},"end":{"line":99,"column":33}},"53":{"start":{"line":101,"column":6},"end":{"line":106,"column":7}},"54":{"start":{"line":102,"column":8},"end":{"line":102,"column":76}},"55":{"start":{"line":104,"column":8},"end":{"line":104,"column":74}},"56":{"start":{"line":105,"column":8},"end":{"line":105,"column":37}},"57":{"start":{"line":107,"column":27},"end":{"line":107,"column":34}},"58":{"start":{"line":108,"column":6},"end":{"line":108,"column":74}},"59":{"start":{"line":109,"column":6},"end":{"line":116,"column":7}},"60":{"start":{"line":110,"column":20},"end":{"line":110,"column":49}},"61":{"start":{"line":111,"column":20},"end":{"line":111,"column":29}},"62":{"start":{"line":112,"column":8},"end":{"line":112,"column":72}},"63":{"start":{"line":113,"column":8},"end":{"line":115,"column":9}},"64":{"start":{"line":114,"column":10},"end":{"line":114,"column":55}},"65":{"start":{"line":118,"column":6},"end":{"line":118,"column":54}},"66":{"start":{"line":121,"column":4},"end":{"line":121,"column":26}},"67":{"start":{"line":123,"column":4},"end":{"line":123,"column":14}}},"fnMap":{"0":{"name":"(anonymous_0)","decl":{"start":{"line":16,"column":16},"end":{"line":16,"column":17}},"loc":{"start":{"line":16,"column":42},"end":{"line":51,"column":1}},"line":16},"1":{"name":"(anonymous_1)","decl":{"start":{"line":54,"column":18},"end":{"line":54,"column":19}},"loc":{"start":{"line":54,"column":44},"end":{"line":81,"column":1}},"line":54},"2":{"name":"(anonymous_2)","decl":{"start":{"line":84,"column":17},"end":{"line":84,"column":18}},"loc":{"start":{"line":84,"column":43},"end":{"line":125,"column":1}},"line":84}},"branchMap":{"0":{"loc":{"start":{"line":11,"column":0},"end":{"line":13,"column":1}},"type":"if","locations":[{"start":{"line":11,"column":0},"end":{"line":13,"column":1}},{"start":{},"end":{}}],"line":11},"1":{"loc":{"start":{"line":11,"column":4},"end":{"line":11,"column":34}},"type":"binary-expr","locations":[{"start":{"line":11,"column":4},"end":{"line":11,"column":15}},{"start":{"line":11,"column":19},"end":{"line":11,"column":34}}],"line":11},"2":{"loc":{"start":{"line":20,"column":4},"end":{"line":20,"column":79}},"type":"if","locations":[{"start":{"line":20,"column":4},"end":{"line":20,"column":79}},{"start":{},"end":{}}],"line":20},"3":{"loc":{"start":{"line":23,"column":4},"end":{"line":23,"column":80}},"type":"if","locations":[{"start":{"line":23,"column":4},"end":{"line":23,"column":80}},{"start":{},"end":{}}],"line":23},"4":{"loc":{"start":{"line":57,"column":4},"end":{"line":57,"column":45}},"type":"if","locations":[{"start":{"line":57,"column":4},"end":{"line":57,"column":45}},{"start":{},"end":{}}],"line":57},"5":{"loc":{"start":{"line":67,"column":4},"end":{"line":67,"column":47}},"type":"if","locations":[{"start":{"line":67,"column":4},"end":{"line":67,"column":47}},{"start":{},"end":{}}],"line":67},"6":{"loc":{"start":{"line":88,"column":4},"end":{"line":94,"column":5}},"type":"if","locations":[{"start":{"line":88,"column":4},"end":{"line":94,"column":5}},{"start":{"line":92,"column":11},"end":{"line":94,"column":5}}],"line":88},"7":{"loc":{"start":{"line":97,"column":17},"end":{"line":97,"column":50}},"type":"binary-expr","locations":[{"start":{"line":97,"column":17},"end":{"line":97,"column":44}},{"start":{"line":97,"column":48},"end":{"line":97,"column":50}}],"line":97},"8":{"loc":{"start":{"line":98,"column":4},"end":{"line":119,"column":5}},"type":"if","locations":[{"start":{"line":98,"column":4},"end":{"line":119,"column":5}},{"start":{"line":117,"column":11},"end":{"line":119,"column":5}}],"line":98},"9":{"loc":{"start":{"line":109,"column":6},"end":{"line":116,"column":7}},"type":"if","locations":[{"start":{"line":109,"column":6},"end":{"line":116,"column":7}},{"start":{},"end":{}}],"line":109},"10":{"loc":{"start":{"line":109,"column":10},"end":{"line":109,"column":20}},"type":"binary-expr","locations":[{"start":{"line":109,"column":10},"end":{"line":109,"column":13}},{"start":{"line":109,"column":17},"end":{"line":109,"column":20}}],"line":109},"11":{"loc":{"start":{"line":113,"column":8},"end":{"line":115,"column":9}},"type":"if","locations":[{"start":{"line":113,"column":8},"end":{"line":115,"column":9}},{"start":{},"end":{}}],"line":113}},"s":{"0":2,"1":2,"2":2,"3":2,"4":2,"5":2,"6":2,"7":2,"8":2,"9":0,"10":2,"11":4,"12":4,"13":4,"14":4,"15":0,"16":4,"17":4,"18":1,"19":3,"20":3,"21":3,"22":3,"23":3,"24":3,"25":0,"26":2,"27":1,"28":1,"29":1,"30":0,"31":1,"32":1,"33":0,"34":1,"35":1,"36":0,"37":1,"38":1,"39":1,"40":1,"41":0,"42":2,"43":1,"44":1,"45":1,"46":1,"47":1,"48":1,"49":0,"50":1,"51":1,"52":1,"53":1,"54":1,"55":0,"56":0,"57":1,"58":1,"59":1,"60":1,"61":1,"62":1,"63":1,"64":1,"65":0,"66":1,"67":0},"f":{"0":4,"1":1,"2":1},"b":{"0":[0,2],"1":[2,2],"2":[0,4],"3":[1,3],"4":[0,1],"5":[0,1],"6":[1,0],"7":[1,0],"8":[1,0],"9":[1,0],"10":[1,1],"11":[1,0]},"_coverageSchema":"1a1c01bbd47fc00a2c39e90264f33305004495a9","hash":"4b36af23175b558e797708b29aaa5677cbebe4cb"}
,"C:\\Users\\shasemwal\\Projects\\ttt-backend\\controllers\\userController.js": {"path":"C:\\Users\\shasemwal\\Projects\\ttt-backend\\controllers\\userController.js","statementMap":{"0":{"start":{"line":2,"column":14},"end":{"line":2,"column":44}},"1":{"start":{"line":3,"column":15},"end":{"line":3,"column":32}},"2":{"start":{"line":4,"column":0},"end":{"line":4,"column":27}},"3":{"start":{"line":6,"column":0},"end":{"line":22,"column":2}},"4":{"start":{"line":7,"column":2},"end":{"line":21,"column":3}},"5":{"start":{"line":8,"column":41},"end":{"line":8,"column":49}},"6":{"start":{"line":10,"column":4},"end":{"line":12,"column":5}},"7":{"start":{"line":11,"column":6},"end":{"line":11,"column":85}},"8":{"start":{"line":13,"column":17},"end":{"line":13,"column":65}},"9":{"start":{"line":14,"column":4},"end":{"line":14,"column":31}},"10":{"start":{"line":17,"column":4},"end":{"line":19,"column":5}},"11":{"start":{"line":18,"column":6},"end":{"line":18,"column":74}},"12":{"start":{"line":20,"column":4},"end":{"line":20,"column":14}},"13":{"start":{"line":24,"column":0},"end":{"line":68,"column":2}},"14":{"start":{"line":25,"column":2},"end":{"line":67,"column":3}},"15":{"start":{"line":26,"column":35},"end":{"line":26,"column":43}},"16":{"start":{"line":27,"column":4},"end":{"line":29,"column":5}},"17":{"start":{"line":28,"column":6},"end":{"line":28,"column":85}},"18":{"start":{"line":30,"column":17},"end":{"line":30,"column":56}},"19":{"start":{"line":31,"column":4},"end":{"line":31,"column":79}},"20":{"start":{"line":31,"column":15},"end":{"line":31,"column":79}},"21":{"start":{"line":33,"column":18},"end":{"line":33,"column":63}},"22":{"start":{"line":34,"column":4},"end":{"line":34,"column":80}},"23":{"start":{"line":34,"column":16},"end":{"line":34,"column":80}},"24":{"start":{"line":36,"column":16},"end":{"line":36,"column":39}},"25":{"start":{"line":37,"column":25},"end":{"line":37,"column":40}},"26":{"start":{"line":40,"column":16},"end":{"line":40,"column":22}},"27":{"start":{"line":41,"column":24},"end":{"line":45,"column":5}},"28":{"start":{"line":46,"column":25},"end":{"line":50,"column":5}},"29":{"start":{"line":53,"column":21},"end":{"line":53,"column":58}},"30":{"start":{"line":54,"column":4},"end":{"line":54,"column":82}},"31":{"start":{"line":57,"column":4},"end":{"line":64,"column":50}},"32":{"start":{"line":66,"column":4},"end":{"line":66,"column":14}},"33":{"start":{"line":70,"column":0},"end":{"line":74,"column":2}},"34":{"start":{"line":71,"column":23},"end":{"line":71,"column":31}},"35":{"start":{"line":73,"column":2},"end":{"line":73,"column":89}},"36":{"start":{"line":76,"column":0},"end":{"line":83,"column":2}},"37":{"start":{"line":77,"column":2},"end":{"line":82,"column":3}},"38":{"start":{"line":78,"column":18},"end":{"line":78,"column":43}},"39":{"start":{"line":79,"column":4},"end":{"line":79,"column":20}},"40":{"start":{"line":81,"column":4},"end":{"line":81,"column":14}},"41":{"start":{"line":85,"column":0},"end":{"line":92,"column":2}},"42":{"start":{"line":86,"column":2},"end":{"line":91,"column":3}},"43":{"start":{"line":87,"column":17},"end":{"line":87,"column":54}},"44":{"start":{"line":88,"column":4},"end":{"line":88,"column":19}},"45":{"start":{"line":90,"column":4},"end":{"line":90,"column":14}},"46":{"start":{"line":94,"column":0},"end":{"line":102,"column":2}},"47":{"start":{"line":95,"column":2},"end":{"line":101,"column":3}},"48":{"start":{"line":96,"column":17},"end":{"line":96,"column":63}},"49":{"start":{"line":97,"column":4},"end":{"line":97,"column":74}},"50":{"start":{"line":97,"column":15},"end":{"line":97,"column":74}},"51":{"start":{"line":98,"column":4},"end":{"line":98,"column":19}},"52":{"start":{"line":100,"column":4},"end":{"line":100,"column":14}},"53":{"start":{"line":104,"column":0},"end":{"line":115,"column":2}},"54":{"start":{"line":105,"column":2},"end":{"line":114,"column":3}},"55":{"start":{"line":106,"column":20},"end":{"line":106,"column":41}},"56":{"start":{"line":107,"column":4},"end":{"line":109,"column":5}},"57":{"start":{"line":108,"column":6},"end":{"line":108,"column":60}},"58":{"start":{"line":110,"column":20},"end":{"line":110,"column":61}},"59":{"start":{"line":111,"column":4},"end":{"line":111,"column":22}},"60":{"start":{"line":113,"column":4},"end":{"line":113,"column":14}},"61":{"start":{"line":117,"column":0},"end":{"line":124,"column":2}},"62":{"start":{"line":118,"column":2},"end":{"line":123,"column":3}},"63":{"start":{"line":119,"column":4},"end":{"line":119,"column":50}},"64":{"start":{"line":120,"column":4},"end":{"line":120,"column":26}},"65":{"start":{"line":122,"column":4},"end":{"line":122,"column":14}}},"fnMap":{"0":{"name":"(anonymous_0)","decl":{"start":{"line":6,"column":19},"end":{"line":6,"column":20}},"loc":{"start":{"line":6,"column":45},"end":{"line":22,"column":1}},"line":6},"1":{"name":"(anonymous_1)","decl":{"start":{"line":24,"column":16},"end":{"line":24,"column":17}},"loc":{"start":{"line":24,"column":42},"end":{"line":68,"column":1}},"line":24},"2":{"name":"(anonymous_2)","decl":{"start":{"line":70,"column":25},"end":{"line":70,"column":26}},"loc":{"start":{"line":70,"column":51},"end":{"line":74,"column":1}},"line":70},"3":{"name":"(anonymous_3)","decl":{"start":{"line":76,"column":22},"end":{"line":76,"column":23}},"loc":{"start":{"line":76,"column":48},"end":{"line":83,"column":1}},"line":76},"4":{"name":"(anonymous_4)","decl":{"start":{"line":85,"column":16},"end":{"line":85,"column":17}},"loc":{"start":{"line":85,"column":42},"end":{"line":92,"column":1}},"line":85},"5":{"name":"(anonymous_5)","decl":{"start":{"line":94,"column":22},"end":{"line":94,"column":23}},"loc":{"start":{"line":94,"column":48},"end":{"line":102,"column":1}},"line":94},"6":{"name":"(anonymous_6)","decl":{"start":{"line":104,"column":21},"end":{"line":104,"column":22}},"loc":{"start":{"line":104,"column":47},"end":{"line":115,"column":1}},"line":104},"7":{"name":"(anonymous_7)","decl":{"start":{"line":117,"column":21},"end":{"line":117,"column":22}},"loc":{"start":{"line":117,"column":47},"end":{"line":124,"column":1}},"line":117}},"branchMap":{"0":{"loc":{"start":{"line":10,"column":4},"end":{"line":12,"column":5}},"type":"if","locations":[{"start":{"line":10,"column":4},"end":{"line":12,"column":5}},{"start":{},"end":{}}],"line":10},"1":{"loc":{"start":{"line":10,"column":8},"end":{"line":10,"column":30}},"type":"binary-expr","locations":[{"start":{"line":10,"column":8},"end":{"line":10,"column":17}},{"start":{"line":10,"column":21},"end":{"line":10,"column":30}}],"line":10},"2":{"loc":{"start":{"line":17,"column":4},"end":{"line":19,"column":5}},"type":"if","locations":[{"start":{"line":17,"column":4},"end":{"line":19,"column":5}},{"start":{},"end":{}}],"line":17},"3":{"loc":{"start":{"line":27,"column":4},"end":{"line":29,"column":5}},"type":"if","locations":[{"start":{"line":27,"column":4},"end":{"line":29,"column":5}},{"start":{},"end":{}}],"line":27},"4":{"loc":{"start":{"line":27,"column":8},"end":{"line":27,"column":30}},"type":"binary-expr","locations":[{"start":{"line":27,"column":8},"end":{"line":27,"column":17}},{"start":{"line":27,"column":21},"end":{"line":27,"column":30}}],"line":27},"5":{"loc":{"start":{"line":31,"column":4},"end":{"line":31,"column":79}},"type":"if","locations":[{"start":{"line":31,"column":4},"end":{"line":31,"column":79}},{"start":{},"end":{}}],"line":31},"6":{"loc":{"start":{"line":34,"column":4},"end":{"line":34,"column":80}},"type":"if","locations":[{"start":{"line":34,"column":4},"end":{"line":34,"column":80}},{"start":{},"end":{}}],"line":34},"7":{"loc":{"start":{"line":97,"column":4},"end":{"line":97,"column":74}},"type":"if","locations":[{"start":{"line":97,"column":4},"end":{"line":97,"column":74}},{"start":{},"end":{}}],"line":97},"8":{"loc":{"start":{"line":107,"column":4},"end":{"line":109,"column":5}},"type":"if","locations":[{"start":{"line":107,"column":4},"end":{"line":109,"column":5}},{"start":{},"end":{}}],"line":107},"9":{"loc":{"start":{"line":107,"column":8},"end":{"line":107,"column":61}},"type":"binary-expr","locations":[{"start":{"line":107,"column":8},"end":{"line":107,"column":33}},{"start":{"line":107,"column":37},"end":{"line":107,"column":61}}],"line":107}},"s":{"0":2,"1":2,"2":2,"3":2,"4":4,"5":4,"6":4,"7":0,"8":4,"9":1,"10":3,"11":3,"12":0,"13":2,"14":0,"15":0,"16":0,"17":0,"18":0,"19":0,"20":0,"21":0,"22":0,"23":0,"24":0,"25":0,"26":0,"27":0,"28":0,"29":0,"30":0,"31":0,"32":0,"33":2,"34":0,"35":0,"36":2,"37":1,"38":1,"39":1,"40":0,"41":2,"42":1,"43":1,"44":1,"45":0,"46":2,"47":1,"48":1,"49":1,"50":0,"51":1,"52":0,"53":2,"54":2,"55":2,"56":2,"57":1,"58":1,"59":1,"60":0,"61":2,"62":1,"63":1,"64":1,"65":0},"f":{"0":4,"1":0,"2":0,"3":1,"4":1,"5":1,"6":2,"7":1},"b":{"0":[0,4],"1":[4,4],"2":[3,0],"3":[0,0],"4":[0,0],"5":[0,0],"6":[0,0],"7":[0,1],"8":[1,1],"9":[2,2]},"_coverageSchema":"1a1c01bbd47fc00a2c39e90264f33305004495a9","hash":"2a69569e8c76eeb3f8a37d8a3f1b44f759ce8afb"}
,"C:\\Users\\shasemwal\\Projects\\ttt-backend\\middleware\\authMiddleware.js": {"path":"C:\\Users\\shasemwal\\Projects\\ttt-backend\\middleware\\authMiddleware.js","statementMap":{"0":{"start":{"line":2,"column":14},"end":{"line":2,"column":37}},"1":{"start":{"line":3,"column":14},"end":{"line":3,"column":40}},"2":{"start":{"line":4,"column":0},"end":{"line":4,"column":27}},"3":{"start":{"line":6,"column":19},"end":{"line":6,"column":41}},"4":{"start":{"line":7,"column":0},"end":{"line":7,"column":70}},"5":{"start":{"line":7,"column":17},"end":{"line":7,"column":70}},"6":{"start":{"line":9,"column":0},"end":{"line":39,"column":2}},"7":{"start":{"line":10,"column":15},"end":{"line":10,"column":48}},"8":{"start":{"line":11,"column":2},"end":{"line":14,"column":3}},"9":{"start":{"line":12,"column":4},"end":{"line":12,"column":44}},"10":{"start":{"line":13,"column":4},"end":{"line":13,"column":66}},"11":{"start":{"line":16,"column":16},"end":{"line":16,"column":29}},"12":{"start":{"line":18,"column":2},"end":{"line":23,"column":3}},"13":{"start":{"line":19,"column":4},"end":{"line":19,"column":44}},"14":{"start":{"line":21,"column":4},"end":{"line":21,"column":64}},"15":{"start":{"line":22,"column":4},"end":{"line":22,"column":73}},"16":{"start":{"line":25,"column":18},"end":{"line":25,"column":25}},"17":{"start":{"line":26,"column":2},"end":{"line":35,"column":3}},"18":{"start":{"line":27,"column":19},"end":{"line":27,"column":50}},"19":{"start":{"line":28,"column":4},"end":{"line":28,"column":73}},"20":{"start":{"line":29,"column":4},"end":{"line":32,"column":5}},"21":{"start":{"line":30,"column":6},"end":{"line":30,"column":56}},"22":{"start":{"line":31,"column":6},"end":{"line":31,"column":73}},"23":{"start":{"line":34,"column":4},"end":{"line":34,"column":50}},"24":{"start":{"line":37,"column":2},"end":{"line":37,"column":21}},"25":{"start":{"line":38,"column":2},"end":{"line":38,"column":9}}},"fnMap":{"0":{"name":"(anonymous_0)","decl":{"start":{"line":9,"column":17},"end":{"line":9,"column":18}},"loc":{"start":{"line":9,"column":43},"end":{"line":39,"column":1}},"line":9}},"branchMap":{"0":{"loc":{"start":{"line":7,"column":0},"end":{"line":7,"column":70}},"type":"if","locations":[{"start":{"line":7,"column":0},"end":{"line":7,"column":70}},{"start":{},"end":{}}],"line":7},"1":{"loc":{"start":{"line":10,"column":15},"end":{"line":10,"column":48}},"type":"binary-expr","locations":[{"start":{"line":10,"column":15},"end":{"line":10,"column":42}},{"start":{"line":10,"column":46},"end":{"line":10,"column":48}}],"line":10},"2":{"loc":{"start":{"line":11,"column":2},"end":{"line":14,"column":3}},"type":"if","locations":[{"start":{"line":11,"column":2},"end":{"line":14,"column":3}},{"start":{},"end":{}}],"line":11},"3":{"loc":{"start":{"line":26,"column":2},"end":{"line":35,"column":3}},"type":"if","locations":[{"start":{"line":26,"column":2},"end":{"line":35,"column":3}},{"start":{"line":33,"column":9},"end":{"line":35,"column":3}}],"line":26},"4":{"loc":{"start":{"line":29,"column":4},"end":{"line":32,"column":5}},"type":"if","locations":[{"start":{"line":29,"column":4},"end":{"line":32,"column":5}},{"start":{},"end":{}}],"line":29}},"s":{"0":2,"1":2,"2":2,"3":2,"4":2,"5":0,"6":2,"7":11,"8":11,"9":0,"10":0,"11":11,"12":11,"13":11,"14":0,"15":0,"16":11,"17":11,"18":11,"19":11,"20":11,"21":1,"22":1,"23":0,"24":10,"25":10},"f":{"0":11},"b":{"0":[0,2],"1":[11,0],"2":[0,11],"3":[11,0],"4":[1,10]},"_coverageSchema":"1a1c01bbd47fc00a2c39e90264f33305004495a9","hash":"2620360478ae740770aacb72b8ab48effc6f2380"}
,"C:\\Users\\shasemwal\\Projects\\ttt-backend\\middleware\\roleMiddleware.js": {"path":"C:\\Users\\shasemwal\\Projects\\ttt-backend\\middleware\\roleMiddleware.js","statementMap":{"0":{"start":{"line":1,"column":23},"end":{"line":8,"column":1}},"1":{"start":{"line":2,"column":2},"end":{"line":7,"column":4}},"2":{"start":{"line":3,"column":4},"end":{"line":5,"column":5}},"3":{"start":{"line":4,"column":6},"end":{"line":4,"column":90}},"4":{"start":{"line":6,"column":4},"end":{"line":6,"column":11}},"5":{"start":{"line":10,"column":0},"end":{"line":10,"column":32}}},"fnMap":{"0":{"name":"(anonymous_0)","decl":{"start":{"line":1,"column":23},"end":{"line":1,"column":24}},"loc":{"start":{"line":1,"column":41},"end":{"line":8,"column":1}},"line":1},"1":{"name":"(anonymous_1)","decl":{"start":{"line":2,"column":9},"end":{"line":2,"column":10}},"loc":{"start":{"line":2,"column":29},"end":{"line":7,"column":3}},"line":2}},"branchMap":{"0":{"loc":{"start":{"line":3,"column":4},"end":{"line":5,"column":5}},"type":"if","locations":[{"start":{"line":3,"column":4},"end":{"line":5,"column":5}},{"start":{},"end":{}}],"line":3},"1":{"loc":{"start":{"line":3,"column":8},"end":{"line":3,"column":51}},"type":"binary-expr","locations":[{"start":{"line":3,"column":8},"end":{"line":3,"column":17}},{"start":{"line":3,"column":21},"end":{"line":3,"column":51}}],"line":3}},"s":{"0":2,"1":6,"2":6,"3":3,"4":3,"5":2},"f":{"0":6,"1":6},"b":{"0":[3,3],"1":[6,6]},"_coverageSchema":"1a1c01bbd47fc00a2c39e90264f33305004495a9","hash":"dd532a02d390f7834f2549af230d24ee59dc28c5"}
,"C:\\Users\\shasemwal\\Projects\\ttt-backend\\models\\userModel.js": {"path":"C:\\Users\\shasemwal\\Projects\\ttt-backend\\models\\userModel.js","statementMap":{"0":{"start":{"line":2,"column":13},"end":{"line":2,"column":36}},"1":{"start":{"line":3,"column":15},"end":{"line":3,"column":32}},"2":{"start":{"line":6,"column":19},"end":{"line":15,"column":1}},"3":{"start":{"line":7,"column":25},"end":{"line":7,"column":56}},"4":{"start":{"line":8,"column":14},"end":{"line":13,"column":3}},"5":{"start":{"line":14,"column":2},"end":{"line":14,"column":21}},"6":{"start":{"line":18,"column":26},"end":{"line":24,"column":1}},"7":{"start":{"line":19,"column":14},"end":{"line":22,"column":3}},"8":{"start":{"line":23,"column":2},"end":{"line":23,"column":21}},"9":{"start":{"line":27,"column":20},"end":{"line":32,"column":1}},"10":{"start":{"line":28,"column":14},"end":{"line":30,"column":3}},"11":{"start":{"line":31,"column":2},"end":{"line":31,"column":18}},"12":{"start":{"line":35,"column":20},"end":{"line":41,"column":1}},"13":{"start":{"line":36,"column":14},"end":{"line":39,"column":3}},"14":{"start":{"line":40,"column":2},"end":{"line":40,"column":21}},"15":{"start":{"line":44,"column":19},"end":{"line":75,"column":1}},"16":{"start":{"line":45,"column":18},"end":{"line":45,"column":20}},"17":{"start":{"line":46,"column":18},"end":{"line":46,"column":20}},"18":{"start":{"line":47,"column":18},"end":{"line":47,"column":19}},"19":{"start":{"line":49,"column":2},"end":{"line":52,"column":3}},"20":{"start":{"line":50,"column":4},"end":{"line":50,"column":41}},"21":{"start":{"line":51,"column":4},"end":{"line":51,"column":26}},"22":{"start":{"line":53,"column":2},"end":{"line":57,"column":3}},"23":{"start":{"line":54,"column":19},"end":{"line":54,"column":50}},"24":{"start":{"line":55,"column":4},"end":{"line":55,"column":41}},"25":{"start":{"line":56,"column":4},"end":{"line":56,"column":24}},"26":{"start":{"line":58,"column":2},"end":{"line":61,"column":3}},"27":{"start":{"line":59,"column":4},"end":{"line":59,"column":37}},"28":{"start":{"line":60,"column":4},"end":{"line":60,"column":22}},"29":{"start":{"line":63,"column":2},"end":{"line":63,"column":46}},"30":{"start":{"line":63,"column":23},"end":{"line":63,"column":46}},"31":{"start":{"line":65,"column":16},"end":{"line":70,"column":3}},"32":{"start":{"line":71,"column":2},"end":{"line":71,"column":18}},"33":{"start":{"line":73,"column":14},"end":{"line":73,"column":45}},"34":{"start":{"line":74,"column":2},"end":{"line":74,"column":21}},"35":{"start":{"line":78,"column":19},"end":{"line":81,"column":1}},"36":{"start":{"line":79,"column":2},"end":{"line":79,"column":60}},"37":{"start":{"line":80,"column":2},"end":{"line":80,"column":9}},"38":{"start":{"line":83,"column":0},"end":{"line":90,"column":2}}},"fnMap":{"0":{"name":"(anonymous_0)","decl":{"start":{"line":6,"column":19},"end":{"line":6,"column":20}},"loc":{"start":{"line":6,"column":64},"end":{"line":15,"column":1}},"line":6},"1":{"name":"(anonymous_1)","decl":{"start":{"line":18,"column":26},"end":{"line":18,"column":27}},"loc":{"start":{"line":18,"column":46},"end":{"line":24,"column":1}},"line":18},"2":{"name":"(anonymous_2)","decl":{"start":{"line":27,"column":20},"end":{"line":27,"column":21}},"loc":{"start":{"line":27,"column":32},"end":{"line":32,"column":1}},"line":27},"3":{"name":"(anonymous_3)","decl":{"start":{"line":35,"column":20},"end":{"line":35,"column":21}},"loc":{"start":{"line":35,"column":34},"end":{"line":41,"column":1}},"line":35},"4":{"name":"(anonymous_4)","decl":{"start":{"line":44,"column":19},"end":{"line":44,"column":20}},"loc":{"start":{"line":44,"column":63},"end":{"line":75,"column":1}},"line":44},"5":{"name":"(anonymous_5)","decl":{"start":{"line":78,"column":19},"end":{"line":78,"column":20}},"loc":{"start":{"line":78,"column":33},"end":{"line":81,"column":1}},"line":78}},"branchMap":{"0":{"loc":{"start":{"line":6,"column":46},"end":{"line":6,"column":59}},"type":"default-arg","locations":[{"start":{"line":6,"column":53},"end":{"line":6,"column":59}}],"line":6},"1":{"loc":{"start":{"line":49,"column":2},"end":{"line":52,"column":3}},"type":"if","locations":[{"start":{"line":49,"column":2},"end":{"line":52,"column":3}},{"start":{},"end":{}}],"line":49},"2":{"loc":{"start":{"line":53,"column":2},"end":{"line":57,"column":3}},"type":"if","locations":[{"start":{"line":53,"column":2},"end":{"line":57,"column":3}},{"start":{},"end":{}}],"line":53},"3":{"loc":{"start":{"line":58,"column":2},"end":{"line":61,"column":3}},"type":"if","locations":[{"start":{"line":58,"column":2},"end":{"line":61,"column":3}},{"start":{},"end":{}}],"line":58},"4":{"loc":{"start":{"line":63,"column":2},"end":{"line":63,"column":46}},"type":"if","locations":[{"start":{"line":63,"column":2},"end":{"line":63,"column":46}},{"start":{},"end":{}}],"line":63}},"s":{"0":2,"1":2,"2":2,"3":4,"4":4,"5":1,"6":2,"7":4,"8":4,"9":2,"10":1,"11":1,"12":2,"13":2,"14":2,"15":2,"16":1,"17":1,"18":1,"19":1,"20":1,"21":1,"22":1,"23":0,"24":0,"25":0,"26":1,"27":0,"28":0,"29":1,"30":0,"31":1,"32":1,"33":1,"34":1,"35":2,"36":1,"37":1,"38":2},"f":{"0":4,"1":4,"2":1,"3":2,"4":1,"5":1},"b":{"0":[3],"1":[1,0],"2":[0,1],"3":[0,1],"4":[0,1]},"_coverageSchema":"1a1c01bbd47fc00a2c39e90264f33305004495a9","hash":"1e19fd37915dff24f3c8cb542ef25928251722ed"}
,"C:\\Users\\shasemwal\\Projects\\ttt-backend\\routes\\authRoutes.js": {"path":"C:\\Users\\shasemwal\\Projects\\ttt-backend\\routes\\authRoutes.js","statementMap":{"0":{"start":{"line":2,"column":15},"end":{"line":2,"column":42}},"1":{"start":{"line":3,"column":15},"end":{"line":3,"column":55}},"2":{"start":{"line":4,"column":23},"end":{"line":4,"column":62}},"3":{"start":{"line":6,"column":0},"end":{"line":6,"column":36}},"4":{"start":{"line":7,"column":0},"end":{"line":7,"column":38}},"5":{"start":{"line":8,"column":0},"end":{"line":8,"column":53}},"6":{"start":{"line":10,"column":0},"end":{"line":10,"column":24}}},"fnMap":{},"branchMap":{},"s":{"0":2,"1":2,"2":2,"3":2,"4":2,"5":2,"6":2},"f":{},"b":{},"_coverageSchema":"1a1c01bbd47fc00a2c39e90264f33305004495a9","hash":"085db5c1d7baea6ed1152ea8f992e41b73a5a3e6"}
,"C:\\Users\\shasemwal\\Projects\\ttt-backend\\routes\\userRoutes.js": {"path":"C:\\Users\\shasemwal\\Projects\\ttt-backend\\routes\\userRoutes.js","statementMap":{"0":{"start":{"line":1,"column":22},"end":{"line":1,"column":40}},"1":{"start":{"line":2,"column":22},"end":{"line":2,"column":38}},"2":{"start":{"line":3,"column":32},"end":{"line":3,"column":72}},"3":{"start":{"line":4,"column":22},"end":{"line":4,"column":61}},"4":{"start":{"line":5,"column":22},"end":{"line":5,"column":61}},"5":{"start":{"line":8,"column":0},"end":{"line":8,"column":50}},"6":{"start":{"line":9,"column":0},"end":{"line":9,"column":63}},"7":{"start":{"line":13,"column":0},"end":{"line":13,"column":90}},"8":{"start":{"line":14,"column":0},"end":{"line":14,"column":83}},"9":{"start":{"line":15,"column":0},"end":{"line":15,"column":90}},"10":{"start":{"line":16,"column":0},"end":{"line":16,"column":88}},"11":{"start":{"line":17,"column":0},"end":{"line":17,"column":89}},"12":{"start":{"line":19,"column":0},"end":{"line":19,"column":24}}},"fnMap":{},"branchMap":{},"s":{"0":2,"1":2,"2":2,"3":2,"4":2,"5":2,"6":2,"7":2,"8":2,"9":2,"10":2,"11":2,"12":2},"f":{},"b":{},"_coverageSchema":"1a1c01bbd47fc00a2c39e90264f33305004495a9","hash":"1d092aa946b1690582aceb389dff05fef270b60a"}
,"C:\\Users\\shasemwal\\Projects\\ttt-backend\\services\\sessionService.js": {"path":"C:\\Users\\shasemwal\\Projects\\ttt-backend\\services\\sessionService.js","statementMap":{"0":{"start":{"line":2,"column":14},"end":{"line":2,"column":40}},"1":{"start":{"line":4,"column":26},"end":{"line":4,"column":33}},"2":{"start":{"line":5,"column":26},"end":{"line":5,"column":38}},"3":{"start":{"line":8,"column":14},"end":{"line":8,"column":43}},"4":{"start":{"line":9,"column":2},"end":{"line":9,"column":72}},"5":{"start":{"line":13,"column":15},"end":{"line":13,"column":44}},"6":{"start":{"line":14,"column":15},"end":{"line":14,"column":35}},"7":{"start":{"line":15,"column":2},"end":{"line":15,"column":25}},"8":{"start":{"line":15,"column":13},"end":{"line":15,"column":25}},"9":{"start":{"line":16,"column":2},"end":{"line":16,"column":44}},"10":{"start":{"line":17,"column":2},"end":{"line":17,"column":26}},"11":{"start":{"line":21,"column":2},"end":{"line":21,"column":49}},"12":{"start":{"line":24,"column":0},"end":{"line":28,"column":2}}},"fnMap":{"0":{"name":"createSession","decl":{"start":{"line":7,"column":15},"end":{"line":7,"column":28}},"loc":{"start":{"line":7,"column":52},"end":{"line":10,"column":1}},"line":7},"1":{"name":"verifyAndRenewSession","decl":{"start":{"line":12,"column":15},"end":{"line":12,"column":36}},"loc":{"start":{"line":12,"column":51},"end":{"line":18,"column":1}},"line":12},"2":{"name":"destroySession","decl":{"start":{"line":20,"column":15},"end":{"line":20,"column":29}},"loc":{"start":{"line":20,"column":44},"end":{"line":22,"column":1}},"line":20}},"branchMap":{"0":{"loc":{"start":{"line":15,"column":2},"end":{"line":15,"column":25}},"type":"if","locations":[{"start":{"line":15,"column":2},"end":{"line":15,"column":25}},{"start":{},"end":{}}],"line":15}},"s":{"0":2,"1":2,"2":2,"3":3,"4":3,"5":1,"6":1,"7":1,"8":0,"9":1,"10":1,"11":1,"12":2},"f":{"0":3,"1":1,"2":1},"b":{"0":[0,1]},"_coverageSchema":"1a1c01bbd47fc00a2c39e90264f33305004495a9","hash":"da01159589c0bd24d85a4e13c0633e5938fbf586"}
}
