TN:
SF:app.js
FNF:0
FNH:0
DA:2,2
DA:3,2
DA:4,2
DA:5,2
DA:6,2
DA:7,2
DA:9,2
DA:10,2
DA:12,2
DA:14,2
DA:15,2
DA:16,2
DA:17,2
DA:18,2
DA:20,2
DA:21,2
DA:24,2
LF:17
LH:17
BRF:0
BRH:0
end_of_record
TN:
SF:config\db.js
FNF:0
FNH:0
DA:2,2
DA:3,2
DA:6,2
DA:17,2
LF:4
LH:4
BRF:0
BRH:0
end_of_record
TN:
SF:config\redis.js
FN:8,(anonymous_0)
FN:9,(anonymous_1)
FN:10,(anonymous_2)
FN:11,(anonymous_3)
FN:12,(anonymous_4)
FNF:5
FNH:5
FNDA:4,(anonymous_0)
FNDA:1,(anonymous_1)
FNDA:11,(anonymous_2)
FNDA:1,(anonymous_3)
FNDA:1,(anonymous_4)
DA:1,2
DA:4,2
DA:6,2
DA:7,2
DA:8,4
DA:9,1
DA:10,11
DA:11,1
DA:12,1
DA:16,0
DA:23,2
LF:11
LH:10
BRDA:4,0,0,2
BRDA:4,0,1,0
BRDA:10,1,0,1
BRDA:10,1,1,10
BRDA:17,2,0,0
BRDA:17,2,1,0
BRDA:18,3,0,0
BRDA:18,3,1,0
BRDA:19,4,0,0
BRDA:19,4,1,0
BRF:10
BRH:3
end_of_record
TN:
SF:controllers\authController.js
FN:16,(anonymous_0)
FN:54,(anonymous_1)
FN:84,(anonymous_2)
FNF:3
FNH:3
FNDA:4,(anonymous_0)
FNDA:1,(anonymous_1)
FNDA:1,(anonymous_2)
DA:2,2
DA:3,2
DA:4,2
DA:5,2
DA:6,2
DA:7,2
DA:9,2
DA:10,2
DA:11,2
DA:12,0
DA:16,2
DA:17,4
DA:18,4
DA:19,4
DA:20,4
DA:22,4
DA:23,4
DA:25,3
DA:26,3
DA:31,3
DA:37,3
DA:39,3
DA:40,3
DA:49,0
DA:54,2
DA:55,1
DA:56,1
DA:57,1
DA:60,1
DA:61,1
DA:63,0
DA:66,1
DA:67,1
DA:69,1
DA:70,1
DA:76,1
DA:77,1
DA:79,0
DA:84,2
DA:85,1
DA:87,1
DA:88,1
DA:89,1
DA:90,1
DA:91,1
DA:93,0
DA:97,1
DA:98,1
DA:99,1
DA:101,1
DA:102,1
DA:104,0
DA:105,0
DA:107,1
DA:108,1
DA:109,1
DA:110,1
DA:111,1
DA:112,1
DA:113,1
DA:114,1
DA:118,0
DA:121,1
DA:123,0
LF:64
LH:55
BRDA:11,0,0,0
BRDA:11,0,1,2
BRDA:11,1,0,2
BRDA:11,1,1,2
BRDA:20,2,0,0
BRDA:20,2,1,4
BRDA:23,3,0,1
BRDA:23,3,1,3
BRDA:57,4,0,0
BRDA:57,4,1,1
BRDA:67,5,0,0
BRDA:67,5,1,1
BRDA:88,6,0,1
BRDA:88,6,1,0
BRDA:97,7,0,1
BRDA:97,7,1,0
BRDA:98,8,0,1
BRDA:98,8,1,0
BRDA:109,9,0,1
BRDA:109,9,1,0
BRDA:109,10,0,1
BRDA:109,10,1,1
BRDA:113,11,0,1
BRDA:113,11,1,0
BRF:24
BRH:15
end_of_record
TN:
SF:controllers\userController.js
FN:6,(anonymous_0)
FN:24,(anonymous_1)
FN:70,(anonymous_2)
FN:76,(anonymous_3)
FN:85,(anonymous_4)
FN:94,(anonymous_5)
FN:104,(anonymous_6)
FN:117,(anonymous_7)
FNF:8
FNH:6
FNDA:4,(anonymous_0)
FNDA:0,(anonymous_1)
FNDA:0,(anonymous_2)
FNDA:1,(anonymous_3)
FNDA:1,(anonymous_4)
FNDA:1,(anonymous_5)
FNDA:2,(anonymous_6)
FNDA:1,(anonymous_7)
DA:2,2
DA:3,2
DA:4,2
DA:6,2
DA:7,4
DA:8,4
DA:10,4
DA:11,0
DA:13,4
DA:14,1
DA:17,3
DA:18,3
DA:20,0
DA:24,2
DA:25,0
DA:26,0
DA:27,0
DA:28,0
DA:30,0
DA:31,0
DA:33,0
DA:34,0
DA:36,0
DA:37,0
DA:40,0
DA:41,0
DA:46,0
DA:53,0
DA:54,0
DA:57,0
DA:66,0
DA:70,2
DA:71,0
DA:73,0
DA:76,2
DA:77,1
DA:78,1
DA:79,1
DA:81,0
DA:85,2
DA:86,1
DA:87,1
DA:88,1
DA:90,0
DA:94,2
DA:95,1
DA:96,1
DA:97,1
DA:98,1
DA:100,0
DA:104,2
DA:105,2
DA:106,2
DA:107,2
DA:108,1
DA:110,1
DA:111,1
DA:113,0
DA:117,2
DA:118,1
DA:119,1
DA:120,1
DA:122,0
LF:63
LH:37
BRDA:10,0,0,0
BRDA:10,0,1,4
BRDA:10,1,0,4
BRDA:10,1,1,4
BRDA:17,2,0,3
BRDA:17,2,1,0
BRDA:27,3,0,0
BRDA:27,3,1,0
BRDA:27,4,0,0
BRDA:27,4,1,0
BRDA:31,5,0,0
BRDA:31,5,1,0
BRDA:34,6,0,0
BRDA:34,6,1,0
BRDA:97,7,0,0
BRDA:97,7,1,1
BRDA:107,8,0,1
BRDA:107,8,1,1
BRDA:107,9,0,2
BRDA:107,9,1,2
BRF:20
BRH:9
end_of_record
TN:
SF:middleware\authMiddleware.js
FN:9,(anonymous_0)
FNF:1
FNH:1
FNDA:11,(anonymous_0)
DA:2,2
DA:3,2
DA:4,2
DA:6,2
DA:7,2
DA:9,2
DA:10,11
DA:11,11
DA:12,0
DA:13,0
DA:16,11
DA:18,11
DA:19,11
DA:21,0
DA:22,0
DA:25,11
DA:26,11
DA:27,11
DA:28,11
DA:29,11
DA:30,1
DA:31,1
DA:34,0
DA:37,10
DA:38,10
LF:25
LH:20
BRDA:7,0,0,0
BRDA:7,0,1,2
BRDA:10,1,0,11
BRDA:10,1,1,0
BRDA:11,2,0,0
BRDA:11,2,1,11
BRDA:26,3,0,11
BRDA:26,3,1,0
BRDA:29,4,0,1
BRDA:29,4,1,10
BRF:10
BRH:6
end_of_record
TN:
SF:middleware\roleMiddleware.js
FN:1,(anonymous_0)
FN:2,(anonymous_1)
FNF:2
FNH:2
FNDA:6,(anonymous_0)
FNDA:6,(anonymous_1)
DA:1,2
DA:2,6
DA:3,6
DA:4,3
DA:6,3
DA:10,2
LF:6
LH:6
BRDA:3,0,0,3
BRDA:3,0,1,3
BRDA:3,1,0,6
BRDA:3,1,1,6
BRF:4
BRH:4
end_of_record
TN:
SF:models\userModel.js
FN:6,(anonymous_0)
FN:18,(anonymous_1)
FN:27,(anonymous_2)
FN:35,(anonymous_3)
FN:44,(anonymous_4)
FN:78,(anonymous_5)
FNF:6
FNH:6
FNDA:4,(anonymous_0)
FNDA:4,(anonymous_1)
FNDA:1,(anonymous_2)
FNDA:2,(anonymous_3)
FNDA:1,(anonymous_4)
FNDA:1,(anonymous_5)
DA:2,2
DA:3,2
DA:6,2
DA:7,4
DA:8,4
DA:14,1
DA:18,2
DA:19,4
DA:23,4
DA:27,2
DA:28,1
DA:31,1
DA:35,2
DA:36,2
DA:40,2
DA:44,2
DA:45,1
DA:46,1
DA:47,1
DA:49,1
DA:50,1
DA:51,1
DA:53,1
DA:54,0
DA:55,0
DA:56,0
DA:58,1
DA:59,0
DA:60,0
DA:63,1
DA:65,1
DA:71,1
DA:73,1
DA:74,1
DA:78,2
DA:79,1
DA:80,1
DA:83,2
LF:38
LH:33
BRDA:6,0,0,3
BRDA:49,1,0,1
BRDA:49,1,1,0
BRDA:53,2,0,0
BRDA:53,2,1,1
BRDA:58,3,0,0
BRDA:58,3,1,1
BRDA:63,4,0,0
BRDA:63,4,1,1
BRF:9
BRH:5
end_of_record
TN:
SF:routes\authRoutes.js
FNF:0
FNH:0
DA:2,2
DA:3,2
DA:4,2
DA:6,2
DA:7,2
DA:8,2
DA:10,2
LF:7
LH:7
BRF:0
BRH:0
end_of_record
TN:
SF:routes\userRoutes.js
FNF:0
FNH:0
DA:1,2
DA:2,2
DA:3,2
DA:4,2
DA:5,2
DA:8,2
DA:9,2
DA:13,2
DA:14,2
DA:15,2
DA:16,2
DA:17,2
DA:19,2
LF:13
LH:13
BRF:0
BRH:0
end_of_record
TN:
SF:services\sessionService.js
FN:7,createSession
FN:12,verifyAndRenewSession
FN:20,destroySession
FNF:3
FNH:3
FNDA:3,createSession
FNDA:1,verifyAndRenewSession
FNDA:1,destroySession
DA:2,2
DA:4,2
DA:5,2
DA:8,3
DA:9,3
DA:13,1
DA:14,1
DA:15,1
DA:16,1
DA:17,1
DA:21,1
DA:24,2
LF:12
LH:12
BRDA:15,0,0,0
BRDA:15,0,1,1
BRF:2
BRH:1
end_of_record
